Arguments: 
  /usr/local/bin/node /usr/local/bin/yarn add -D tsconfig-paths

PATH: 
  /opt/homebrew/bin:/opt/homebrew/sbin:/usr/local/bin:/usr/bin:/bin:/usr/sbin:/sbin:/opt/X11/bin:/opt/homebrew/bin:/opt/homebrew/sbin:/Users/the-kid/.cargo/bin

Yarn version: 
  1.22.10

Node version: 
  16.3.0

Platform: 
  darwin arm64

Trace: 
  Error: https://registry.yarnpkg.com/@ifm%2fapi: Not found
      at Request.params.callback [as _callback] (/usr/local/lib/node_modules/yarn/lib/cli.js:66988:18)
      at Request.self.callback (/usr/local/lib/node_modules/yarn/lib/cli.js:140662:22)
      at Request.emit (node:events:394:28)
      at Request.<anonymous> (/usr/local/lib/node_modules/yarn/lib/cli.js:141634:10)
      at Request.emit (node:events:394:28)
      at IncomingMessage.<anonymous> (/usr/local/lib/node_modules/yarn/lib/cli.js:141556:12)
      at Object.onceWrapper (node:events:513:28)
      at IncomingMessage.emit (node:events:406:35)
      at endReadableNT (node:internal/streams/readable:1329:12)
      at processTicksAndRejections (node:internal/process/task_queues:83:21)

npm manifest: 
  {
    "name": "@ifm/core",
    "version": "0.0.0",
    "description": "> TODO: description",
    "author": "Ross Leitch <professional.balbatross@gmail.com>",
    "homepage": "https://github.com/TheTechCompany/ifm-core/tree/main/packages/ifm-core#readme",
    "license": "ISC",
    "main": "lib/ifm-core.js",
    "directories": {
      "lib": "lib",
      "test": "__tests__"
    },
    "files": [
      "lib"
    ],
    "repository": {
      "type": "git",
      "url": "git+https://github.com/TheTechCompany/ifm-core.git"
    },
    "scripts": {
      "test": "echo \"Error: run tests from root\" && exit 1"
    },
    "bugs": {
      "url": "https://github.com/TheTechCompany/ifm-core/issues"
    },
    "dependencies": {
      "@ifm/api": "^0.0.0",
      "@ifm/discovery": "^0.0.0"
    }
  }

yarn manifest: 
  No manifest

Lockfile: 
  No lockfile
