Arguments: 
  /usr/local/bin/node /usr/local/bin/yarn build

PATH: 
  /usr/local/bin:/usr/bin:/bin:/usr/sbin:/sbin:/opt/X11/bin:/opt/homebrew/bin:/opt/homebrew/sbin:/Users/the-kid/.cargo/bin

Yarn version: 
  1.22.10

Node version: 
  16.3.0

Platform: 
  darwin arm64

Trace: 
  SyntaxError: /Users/the-kid/work/contract-work/sudbuster/packages/communication/opc-client/package.json: Unexpected token } in JSON at position 332
      at JSON.parse (<anonymous>)
      at /usr/local/lib/node_modules/yarn/lib/cli.js:1625:59
      at Generator.next (<anonymous>)
      at step (/usr/local/lib/node_modules/yarn/lib/cli.js:310:30)
      at /usr/local/lib/node_modules/yarn/lib/cli.js:321:13

npm manifest: 
  {
    "name": "@hive-command/opcua-client",
    "version": "1.3.1",
    "description": "> TODO: description",
    "author": "Ross Leitch <professional.balbatross@gmail.com>",
    "homepage": "https://github.com/TheTechCompany/sudbuster#readme",
    "license": "ISC",
    "main": "dist/index.ts",
    "bin": {
      "opcua-client": "./dist/cmd.js",
    },
    "directories": {
      "dist/": "dist/",
      "test": "__tests__"
    },
    "files": [
      "dist/"
    ],
    "repository": {
      "type": "git",
      "url": "git+https://github.com/TheTechCompany/sudbuster.git"
    },
    "scripts": {
      "build": "tsc -b . ",
      "test": "jest",
      "example": "ts-node example/index.ts"
    },
    "bugs": {
      "url": "https://github.com/TheTechCompany/sudbuster/issues"
    },
    "dependencies": {
      "@hive-command/opcua-utils": "^1.3.0",
      "commander": "^7.2.0",
      "react-leaflet": "3.0.0"
    },
    "devDependencies": {
      "@types/jest": "^27.0.3",
      "@types/react-loadable": "^5.5.5",
      "jest": "^26.6.3",
      "ts-jest": "^26.5.6",
      "ts-node": "^9.1.1"
    }
  }

yarn manifest: 
  No manifest

Lockfile: 
  No lockfile
